antique orchid cornflower puff almond
aquamarine burnished sandy deep bisque
azure sky tomato midnight lace
beige coral powder papaya black
beige smoke slate steel lavender
beige violet black magenta chartreuse
bisque frosted khaki linen royal
black firebrick navy beige peach
black navy rose honeydew violet
black slate wheat firebrick thistle
blanched ghost turquoise burlywood spring
blue turquoise tomato smoke orchid
blush navy indian peru lemon
brown lime sky purple salmon
burlywood cornflower aquamarine misty snow
burlywood peach papaya violet midnight
burnished firebrick ivory peru steel
burnished ghost coral maroon yellow
chartreuse thistle midnight magenta violet
chiffon salmon beige pink yellow
chocolate frosted turquoise brown puff
chocolate red salmon drab medium
coral peach bisque green seashell
cornsilk burnished black blanched turquoise
cornsilk seashell lime aquamarine violet
cream red aquamarine chiffon sandy
deep grey powder steel peach
deep hot midnight aquamarine dark
deep light brown tan yellow
deep peru lavender antique royal
dim beige navy honeydew slate
dodger brown ivory blue pink
dodger cream snow pink floral
drab plum olive firebrick beige
drab wheat grey burnished burlywood
firebrick violet cyan tomato wheat
floral spring navy misty azure
floral steel midnight red brown
frosted gainsboro chiffon lawn green
frosted grey aquamarine thistle papaya
ghost black thistle navy lawn
ghost indian brown purple cyan
ghost rosy beige salmon lemon
goldenrod magenta papaya medium chiffon
green dark mint lawn gainsboro
grey royal seashell violet misty
honeydew lace powder almond red
indian orchid navajo dark forest
ivory bisque black chiffon gainsboro
ivory wheat smoke deep lemon
lace bisque moccasin peru navajo
lace floral peru dim magenta
lavender indian beige peru antique
lavender slate turquoise dim cornsilk
lemon dark khaki antique slate
lemon navy seashell khaki sienna
lemon thistle sandy royal peru
light firebrick cyan puff blue
lime moccasin seashell orange coral
linen dodger lime purple cornsilk
magenta frosted gainsboro forest orchid
maroon orchid linen spring antique
midnight moccasin blush royal black
midnight papaya violet peach cream
midnight peach purple coral azure
mint grey purple sienna metallic
mint pale dim chiffon indian
moccasin royal turquoise lime navajo
moccasin steel rosy drab white
moccasin tan purple sandy dim
navajo chocolate lemon hot green
navajo deep saddle grey goldenrod
navajo khaki almond royal chartreuse
olive goldenrod magenta metallic lime
olive pale steel peru coral
peach chocolate burnished steel khaki
peach red azure indian lavender
pink orchid lemon firebrick olive
plum chartreuse hot beige lime
plum cyan almond dark orchid
puff mint dodger hot seashell
puff snow floral drab powder
purple indian burnished khaki puff
red purple tomato medium papaya
rosy sienna purple light rose
rosy tomato ghost red peach
saddle light black drab navajo
saddle mint navy cyan cornflower
sandy ghost steel cornsilk pale
seashell coral metallic midnight floral
seashell smoke dark white deep
sky chartreuse drab violet goldenrod
sky dim thistle saddle pale
sky yellow mint chiffon wheat
slate mint white pink burnished
snow forest sky chartreuse olive
spring honeydew sky sandy almond
steel lavender cream peru brown
tan sky gainsboro green orange
tomato forest pale moccasin magenta
violet coral blanched orange light
violet plum burlywood navajo cyan
violet plum metallic yellow lavender
wheat ghost honeydew plum grey
