Supplier#000000011|40|9.3
Supplier#000000012|2|35.17
Supplier#000000015|50|83.28
Supplier#000000023|36|48.28
Supplier#000000026|23|46.52
Supplier#000000027|23|230.72
Supplier#000000035|5|80.73
Supplier#000000039|44|120.72
Supplier#000000041|29|3.01
Supplier#000000043|3|56.87
Supplier#000000045|15|192.08
Supplier#000000050|39|147.29
Supplier#000000051|27|27.02
Supplier#000000054|7|61.54
Supplier#000000060|5|21.89
Supplier#000000061|44|39.91
Supplier#000000068|34|60.1
Supplier#000000072|7|22.11
Supplier#000000075|34|48.3
Supplier#000000080|2|69.51
Supplier#000000081|24|125.62
Supplier#000000082|2|52.49
Supplier#000000089|16|2.95
Supplier#000000096|41|108.15
Supplier#000000098|26|24.69
Supplier#000000099|24|36.59
Supplier#000000100|20|62.15
